AndroidNew/app/build/outputs/logs/manifest-merger-debug-report.txt
-- Merging decision tree log ---
manifest
ADDED from src\main\AndroidManifest.xml:2:1-77:12
	package
		ADDED from src\main\AndroidManifest.xml:3:5-42
		INJECTED from src\main\AndroidManifest.xml
		INJECTED from src\main\AndroidManifest.xml
	android:versionName
		ADDED from src\main\AndroidManifest.xml:5:5-32
		INJECTED from src\main\AndroidManifest.xml
		INJECTED from src\main\AndroidManifest.xml
	android:versionCode
		ADDED from src\main\AndroidManifest.xml:4:5-29
		INJECTED from src\main\AndroidManifest.xml
		INJECTED from src\main\AndroidManifest.xml
	xmlns:android
		ADDED from src\main\AndroidManifest.xml:2:11-69
uses-sdk
ADDED from src\main\AndroidManifest.xml:7:5-9:41
MERGED from [com.android.support:support-v4:23.1.0] AndroidManifest.xml:20:5-43
MERGED from [com.getpebble:pebblekit:3.0.0] AndroidManifest.xml:7:5-9:41
	android:targetSdkVersion
		ADDED from src\main\AndroidManifest.xml:9:9-38
		INJECTED from src\main\AndroidManifest.xml
		INJECTED from src\main\AndroidManifest.xml
	android:minSdkVersion
		ADDED from src\main\AndroidManifest.xml:8:9-35
		INJECTED from src\main\AndroidManifest.xml
		INJECTED from src\main\AndroidManifest.xml
uses-permission#android.permission.INTERNET
ADDED from src\main\AndroidManifest.xml:11:5-12:23
	android:name
		ADDED from src\main\AndroidManifest.xml:11:22-64
uses-permission#android.permission.WAKE_LOCK
ADDED from src\main\AndroidManifest.xml:14:5-15:23
	android:name
		ADDED from src\main\AndroidManifest.xml:14:22-65
uses-permission#android.permission.BIND_NOTIFICATION_LISTENER_SERVICE
ADDED from src\main\AndroidManifest.xml:17:5-93
	android:name
		ADDED from src\main\AndroidManifest.xml:17:22-90
application
ADDED from src\main\AndroidManifest.xml:19:5-75:19
MERGED from [com.android.support:support-v4:23.1.0] AndroidManifest.xml:22:5-20
	android:label
		ADDED from src\main\AndroidManifest.xml:22:9-41
	android:allowBackup
		ADDED from src\main\AndroidManifest.xml:20:9-35
	android:icon
		ADDED from src\main\AndroidManifest.xml:21:9-45
	android:theme
		ADDED from src\main\AndroidManifest.xml:23:9-40
activity#com.github.quarck.qrckwatch.MainActivity
ADDED from src\main\AndroidManifest.xml:25:9-33:20
	android:label
		ADDED from src\main\AndroidManifest.xml:27:13-45
	android:name
		ADDED from src\main\AndroidManifest.xml:26:13-68
intent-filter#android.intent.action.MAIN+android.intent.category.LAUNCHER
ADDED from src\main\AndroidManifest.xml:28:13-32:29
action#android.intent.action.MAIN
ADDED from src\main\AndroidManifest.xml:29:17-69
	android:name
		ADDED from src\main\AndroidManifest.xml:29:25-66
category#android.intent.category.LAUNCHER
ADDED from src\main\AndroidManifest.xml:31:17-77
	android:name
		ADDED from src\main\AndroidManifest.xml:31:27-74
service#com.github.quarck.qrckwatch.NotificationReceiverService3
ADDED from src\main\AndroidManifest.xml:35:9-42:19
	android:label
		ADDED from src\main\AndroidManifest.xml:37:13-45
	android:permission
		ADDED from src\main\AndroidManifest.xml:38:13-87
	android:name
		ADDED from src\main\AndroidManifest.xml:36:13-57
intent-filter#android.service.notification.NotificationListenerService
ADDED from src\main\AndroidManifest.xml:39:13-41:29
action#android.service.notification.NotificationListenerService
ADDED from src\main\AndroidManifest.xml:40:17-99
	android:name
		ADDED from src\main\AndroidManifest.xml:40:25-96
service#com.github.quarck.qrckwatch.WeatherService
ADDED from src\main\AndroidManifest.xml:43:9-78
	android:name
		ADDED from src\main\AndroidManifest.xml:43:18-75
receiver#com.github.quarck.qrckwatch.Alarm
ADDED from src\main\AndroidManifest.xml:45:9-47:38
	android:enabled
		ADDED from src\main\AndroidManifest.xml:47:13-35
	android:name
		ADDED from src\main\AndroidManifest.xml:46:13-61
receiver#com.github.quarck.qrckwatch.WeatherServiceAlarm
ADDED from src\main\AndroidManifest.xml:49:9-51:38
	android:enabled
		ADDED from src\main\AndroidManifest.xml:51:13-35
	android:name
		ADDED from src\main\AndroidManifest.xml:50:13-75
receiver#com.github.quarck.qrckwatch.AppUpdatedBroadcastReceiver
ADDED from src\main\AndroidManifest.xml:53:9-57:20
	android:name
		ADDED from src\main\AndroidManifest.xml:53:19-89
intent-filter#android.intent.action.MY_PACKAGE_REPLACED
ADDED from src\main\AndroidManifest.xml:54:13-56:29
action#android.intent.action.MY_PACKAGE_REPLACED
ADDED from src\main\AndroidManifest.xml:55:17-84
	android:name
		ADDED from src\main\AndroidManifest.xml:55:25-81
receiver#com.github.quarck.qrckwatch.DataReceiver
ADDED from src\main\AndroidManifest.xml:59:9-65:20
	android:exported
		ADDED from src\main\AndroidManifest.xml:61:13-36
	android:name
		ADDED from src\main\AndroidManifest.xml:60:13-68
intent-filter#com.getpebble.action.app.RECEIVE
ADDED from src\main\AndroidManifest.xml:62:13-64:29
action#com.getpebble.action.app.RECEIVE
ADDED from src\main\AndroidManifest.xml:63:17-75
	android:name
		ADDED from src\main\AndroidManifest.xml:63:25-72
activity#com.github.quarck.qrckwatch.WeatherDetailActivity
ADDED from src\main\AndroidManifest.xml:67:9-74:20
	android:label
		ADDED from src\main\AndroidManifest.xml:69:13-66
	android:parentActivityName
		ADDED from src\main\AndroidManifest.xml:70:13-82
	android:name
		ADDED from src\main\AndroidManifest.xml:68:13-77
meta-data#android.support.PARENT_ACTIVITY
ADDED from src\main\AndroidManifest.xml:71:13-73:76
	android:value
		ADDED from src\main\AndroidManifest.xml:73:17-73
	android:name
		ADDED from src\main\AndroidManifest.xml:72:17-63